2014-04-02T00:31:18  *** common has joined #jinbot
2014-04-02T00:34:08  <jin> coom
2014-04-02T00:34:09  <jin> cool
2014-04-02T00:54:28  <jin> .slap
2014-04-02T00:54:35  <jin> .t
2014-04-02T00:54:48  <jin> .weather
2014-04-02T00:54:53  <jin> .weather 11361
2014-04-02T00:54:57  <jin> .weather bayside ny
2014-04-02T00:54:59  <jin> .weather bayside,ny
2014-04-02T00:55:03  <jin> .weather bayside
2014-04-02T00:55:07  <jin> .weather London
2014-04-02T00:55:14  <jin> .w bayside ny
2014-04-02T00:55:25  <jin> .version
2014-04-02T00:55:41  <jin> .suggest cat
2014-04-02T00:55:57  <jin> .slaps
2014-04-02T00:56:32  <jin> .redditor jinp6301
2014-04-02T00:57:27  <jin> .reload
2014-04-02T01:03:21  <jin> .reload jin
2014-04-02T01:03:26  <jin> .reload sakjdlks
2014-04-02T01:04:30  <jin> common: reload
2014-04-02T01:04:58  <jin> common: reload
2014-04-02T01:05:01  <jin> .ud meow
2014-04-02T01:05:11  <jin> .ud meow
2014-04-02T01:05:34  <jin> .isop
2014-04-02T01:05:41  <jin> .t
2014-04-02T01:05:47  <jin> .c 5 + 3
